# JRE version: OpenJDK Runtime Environment (17.0.7) (build 17.0.7+0-b2043.56-10550314)
# Java VM: OpenJDK 64-Bit Server VM (17.0.7+0-b2043.56-10550314, mixed mode, tiered, compressed oops, compressed class ptrs, g1 gc, windows-amd64)
GC Precious Log:
 CPUs: 4 total, 4 available
 Memory: 7934M
 Large Page Support: Disabled
 NUMA Support: Disabled
 Compressed Oops: Enabled (32-bit)
 Heap Region Size: 1M
 Heap Min Capacity: 8M
 Heap Initial Capacity: 124M
 Heap Max Capacity: 1536M
 Pre-touch: Disabled
 Parallel Workers: 4
 Concurrent Workers: 1
 Concurrent Refinement Workers: 4
 Periodic GC: Disabled
Heap:
 garbage-first heap   total 65536K, used 46337K [0x00000000a0000000, 0x0000000100000000)
  region size 1024K, 21 young (21504K), 3 survivors (3072K)
 Metaspace       used 45040K, committed 45376K, reserved 1114112K
  class space    used 5930K, committed 6080K, reserved 1048576K
GC Heap History (20 events):
Event: 0.750 GC heap before
{Heap before GC invocations=0 (full 0):
 garbage-first heap   total 126976K, used 16384K [0x00000000a0000000, 0x0000000100000000)
  region size 1024K, 13 young (13312K), 0 survivors (0K)
 Metaspace       used 7094K, committed 7296K, reserved 1114112K
  class space    used 612K, committed 704K, reserved 1048576K
}
Event: 0.804 GC heap after
{Heap after GC invocations=1 (full 0):
 garbage-first heap   total 126976K, used 3620K [0x00000000a0000000, 0x0000000100000000)
  region size 1024K, 2 young (2048K), 2 survivors (2048K)
 Metaspace       used 7094K, committed 7296K, reserved 1114112K
  class space    used 612K, committed 704K, reserved 1048576K
}
Event: 1.980 GC heap before
{Heap before GC invocations=1 (full 0):
 garbage-first heap   total 126976K, used 21028K [0x00000000a0000000, 0x0000000100000000)
  region size 1024K, 17 young (17408K), 2 survivors (2048K)
 Metaspace       used 11095K, committed 11264K, reserved 1114112K
  class space    used 1163K, committed 1280K, reserved 1048576K
}
Event: 1.986 GC heap after
{Heap after GC invocations=2 (full 0):
 garbage-first heap   total 126976K, used 9410K [0x00000000a0000000, 0x0000000100000000)
  region size 1024K, 3 young (3072K), 3 survivors (3072K)
 Metaspace       used 11095K, committed 11264K, reserved 1114112K
  class space    used 1163K, committed 1280K, reserved 1048576K
}
Event: 2.512 GC heap before
{Heap before GC invocations=2 (full 0):
 garbage-first heap   total 126976K, used 30914K [0x00000000a0000000, 0x0000000100000000)
  region size 1024K, 24 young (24576K), 3 survivors (3072K)
 Metaspace       used 11209K, committed 11392K, reserved 1114112K
  class space    used 1164K, committed 1280K, reserved 1048576K
}
Event: 2.517 GC heap after
{Heap after GC invocations=3 (full 0):
 garbage-first heap   total 126976K, used 12121K [0x00000000a0000000, 0x0000000100000000)
  region size 1024K, 3 young (3072K), 3 survivors (3072K)
 Metaspace       used 11209K, committed 11392K, reserved 1114112K
  class space    used 1164K, committed 1280K, reserved 1048576K
}
Event: 4.800 GC heap before
{Heap before GC invocations=3 (full 0):
 garbage-first heap   total 126976K, used 55129K [0x00000000a0000000, 0x0000000100000000)
  region size 1024K, 46 young (47104K), 3 survivors (3072K)
 Metaspace       used 21289K, committed 21504K, reserved 1114112K
  class space    used 2581K, committed 2688K, reserved 1048576K
}
Event: 4.815 GC heap after
{Heap after GC invocations=4 (full 0):
 garbage-first heap   total 126976K, used 17326K [0x00000000a0000000, 0x0000000100000000)
  region size 1024K, 8 young (8192K), 8 survivors (8192K)
 Metaspace       used 21289K, committed 21504K, reserved 1114112K
  class space    used 2581K, committed 2688K, reserved 1048576K
}
Event: 6.616 GC heap before
{Heap before GC invocations=5 (full 0):
 garbage-first heap   total 65536K, used 48046K [0x00000000a0000000, 0x0000000100000000)
  region size 1024K, 38 young (38912K), 8 survivors (8192K)
 Metaspace       used 26383K, committed 26688K, reserved 1114112K
  class space    used 3481K, committed 3584K, reserved 1048576K
}
Event: 6.632 GC heap after
{Heap after GC invocations=6 (full 0):
 garbage-first heap   total 65536K, used 19764K [0x00000000a0000000, 0x0000000100000000)
  region size 1024K, 3 young (3072K), 3 survivors (3072K)
 Metaspace       used 26383K, committed 26688K, reserved 1114112K
  class space    used 3481K, committed 3584K, reserved 1048576K
}
Event: 7.762 GC heap before
{Heap before GC invocations=6 (full 0):
 garbage-first heap   total 65536K, used 45364K [0x00000000a0000000, 0x0000000100000000)
  region size 1024K, 28 young (28672K), 3 survivors (3072K)
 Metaspace       used 30380K, committed 30656K, reserved 1114112K
  class space    used 4124K, committed 4224K, reserved 1048576K
}
Event: 7.766 GC heap after
{Heap after GC invocations=7 (full 0):
 garbage-first heap   total 65536K, used 20937K [0x00000000a0000000, 0x0000000100000000)
  region size 1024K, 4 young (4096K), 4 survivors (4096K)
 Metaspace       used 30380K, committed 30656K, reserved 1114112K
  class space    used 4124K, committed 4224K, reserved 1048576K
}
Event: 9.522 GC heap before
{Heap before GC invocations=7 (full 0):
 garbage-first heap   total 65536K, used 46537K [0x00000000a0000000, 0x0000000100000000)
  region size 1024K, 29 young (29696K), 4 survivors (4096K)
 Metaspace       used 34837K, committed 35264K, reserved 1114112K
  class space    used 4804K, committed 4992K, reserved 1048576K
}
Event: 9.536 GC heap after
{Heap after GC invocations=8 (full 0):
 garbage-first heap   total 65536K, used 22818K [0x00000000a0000000, 0x0000000100000000)
  region size 1024K, 4 young (4096K), 4 survivors (4096K)
 Metaspace       used 34837K, committed 35264K, reserved 1114112K
  class space    used 4804K, committed 4992K, reserved 1048576K
}
Event: 9.758 GC heap before
{Heap before GC invocations=8 (full 0):
 garbage-first heap   total 65536K, used 24866K [0x00000000a0000000, 0x0000000100000000)
  region size 1024K, 7 young (7168K), 4 survivors (4096K)
 Metaspace       used 35668K, committed 35968K, reserved 1114112K
  class space    used 4857K, committed 4992K, reserved 1048576K
}
Event: 9.769 GC heap after
{Heap after GC invocations=9 (full 0):
 garbage-first heap   total 65536K, used 23268K [0x00000000a0000000, 0x0000000100000000)
  region size 1024K, 3 young (3072K), 3 survivors (3072K)
 Metaspace       used 35668K, committed 35968K, reserved 1114112K
  class space    used 4857K, committed 4992K, reserved 1048576K
}
Event: 11.159 GC heap before
{Heap before GC invocations=10 (full 0):
 garbage-first heap   total 65536K, used 46820K [0x00000000a0000000, 0x0000000100000000)
  region size 1024K, 27 young (27648K), 3 survivors (3072K)
 Metaspace       used 39818K, committed 40192K, reserved 1114112K
  class space    used 5280K, committed 5440K, reserved 1048576K
}
Event: 11.176 GC heap after
{Heap after GC invocations=11 (full 0):
 garbage-first heap   total 65536K, used 27289K [0x00000000a0000000, 0x0000000100000000)
  region size 1024K, 4 young (4096K), 4 survivors (4096K)
 Metaspace       used 39818K, committed 40192K, reserved 1114112K
  class space    used 5280K, committed 5440K, reserved 1048576K
}
Event: 13.188 GC heap before
{Heap before GC invocations=12 (full 0):
 garbage-first heap   total 65536K, used 50841K [0x00000000a0000000, 0x0000000100000000)
  region size 1024K, 25 young (25600K), 4 survivors (4096K)
 Metaspace       used 42321K, committed 42624K, reserved 1114112K
  class space    used 5526K, committed 5632K, reserved 1048576K
}
Event: 13.203 GC heap after
{Heap after GC invocations=13 (full 0):
 garbage-first heap   total 65536K, used 28929K [0x00000000a0000000, 0x0000000100000000)
  region size 1024K, 3 young (3072K), 3 survivors (3072K)
 Metaspace       used 42321K, committed 42624K, reserved 1114112K
  class space    used 5526K, committed 5632K, reserved 1048576K
}

